Warning: ignoring unsupported tag `ALLOW_UNICODE_NAMES    =' at line 79, file /home/travis/build/evgenykol/otus_cpp_04/Doxyfile
Warning: ignoring unsupported tag `TOC_INCLUDE_HEADINGS   =' at line 314, file /home/travis/build/evgenykol/otus_cpp_04/Doxyfile
Warning: ignoring unsupported tag `GROUP_NESTED_COMPOUNDS =' at line 371, file /home/travis/build/evgenykol/otus_cpp_04/Doxyfile
Warning: ignoring unsupported tag `HIDE_COMPOUND_REFERENCE=' at line 542, file /home/travis/build/evgenykol/otus_cpp_04/Doxyfile
Warning: ignoring unsupported tag `WARN_AS_ERROR          =' at line 766, file /home/travis/build/evgenykol/otus_cpp_04/Doxyfile
Warning: Tag `CLANG_ASSISTED_PARSING' at line 1083 of file /home/travis/build/evgenykol/otus_cpp_04/Doxyfile belongs to an option that was not enabled at compile time.
To avoid this warning please remove this line from your configuration file, upgrade it using "doxygen -u", or recompile doxygen with this feature enabled.
Warning: Tag `CLANG_OPTIONS' at line 1091 of file /home/travis/build/evgenykol/otus_cpp_04/Doxyfile belongs to an option that was not enabled at compile time.
To avoid this warning please remove this line from your configuration file, upgrade it using "doxygen -u", or recompile doxygen with this feature enabled.
Warning: ignoring unsupported tag `CLANG_COMPILATION_DATABASE_PATH=' at line 1102, file /home/travis/build/evgenykol/otus_cpp_04/Doxyfile
Warning: ignoring unsupported tag `HTML_DYNAMIC_MENUS     =' at line 1267, file /home/travis/build/evgenykol/otus_cpp_04/Doxyfile
Warning: ignoring unsupported tag `LATEX_EXTRA_STYLESHEET =' at line 1782, file /home/travis/build/evgenykol/otus_cpp_04/Doxyfile
Warning: ignoring unsupported tag `LATEX_TIMESTAMP        =' at line 1849, file /home/travis/build/evgenykol/otus_cpp_04/Doxyfile
Warning: ignoring unsupported tag `RTF_SOURCE_CODE        =' at line 1915, file /home/travis/build/evgenykol/otus_cpp_04/Doxyfile
Warning: ignoring unsupported tag `MAN_SUBDIR             =' at line 1950, file /home/travis/build/evgenykol/otus_cpp_04/Doxyfile
Warning: ignoring unsupported tag `DOCBOOK_PROGRAMLISTING =' at line 2013, file /home/travis/build/evgenykol/otus_cpp_04/Doxyfile
Warning: ignoring unsupported tag `PLANTUML_JAR_PATH      =' at line 2442, file /home/travis/build/evgenykol/otus_cpp_04/Doxyfile
Warning: ignoring unsupported tag `PLANTUML_CFG_FILE      =' at line 2447, file /home/travis/build/evgenykol/otus_cpp_04/Doxyfile
Warning: ignoring unsupported tag `PLANTUML_INCLUDE_PATH  =' at line 2452, file /home/travis/build/evgenykol/otus_cpp_04/Doxyfile
/home/travis/build/evgenykol/otus_cpp_04/ip_filter_tests.cpp:20: warning: Compound cout_redirect is not documented.
/home/travis/build/evgenykol/otus_cpp_04/ip_filter_tests.cpp:12: warning: Member BOOST_TEST_MODULE (macro definition) of file ip_filter_tests.cpp is not documented.
/home/travis/build/evgenykol/otus_cpp_04/ip_filter_tests.cpp:33: warning: Member BOOST_AUTO_TEST_CASE(check_print_ips_int) (function) of file ip_filter_tests.cpp is not documented.
/home/travis/build/evgenykol/otus_cpp_04/ip_filter_tests.cpp:51: warning: Member BOOST_AUTO_TEST_CASE(check_print_ips_uint) (function) of file ip_filter_tests.cpp is not documented.
/home/travis/build/evgenykol/otus_cpp_04/ip_filter_tests.cpp:69: warning: Member BOOST_AUTO_TEST_CASE(check_print_ips_container_vector) (function) of file ip_filter_tests.cpp is not documented.
/home/travis/build/evgenykol/otus_cpp_04/ip_filter_tests.cpp:80: warning: Member BOOST_AUTO_TEST_CASE(check_print_ips_container_list) (function) of file ip_filter_tests.cpp is not documented.
/home/travis/build/evgenykol/otus_cpp_04/ip_filter_tests.cpp:91: warning: Member BOOST_AUTO_TEST_CASE(check_print_ips_tuple) (function) of file ip_filter_tests.cpp is not documented.
/home/travis/build/evgenykol/otus_cpp_04/version.h:12: warning: Member PROJECT_VERSION_PATCH (macro definition) of file version.h is not documented.
/home/travis/build/evgenykol/otus_cpp_04/ip_filter_tests.cpp:21: warning: Member cout_redirect(std::streambuf *new_buffer) (function) of class cout_redirect is not documented.
/home/travis/build/evgenykol/otus_cpp_04/ip_filter.h:73: warning: Member print_ips_tuple(const Tuple &t) (function) of class TuplePrinter is not documented.
/home/travis/build/evgenykol/otus_cpp_04/ip_filter.h:88: warning: Member print_ips_tuple(const Tuple &t) (function) of class TuplePrinter< Tuple, 1 > is not documented.
Searching for include files...
Searching for example files...
Searching for images...
Searching for dot files...
Searching for msc files...
Searching for dia files...
Searching for files to exclude
Searching for files to process...
Searching for files in directory /home/travis/build/evgenykol/otus_cpp_04
Reading and parsing tag files
Parsing files
Preprocessing /home/travis/build/evgenykol/otus_cpp_04/ip_filter.cpp...
Parsing file /home/travis/build/evgenykol/otus_cpp_04/ip_filter.cpp...
Preprocessing /home/travis/build/evgenykol/otus_cpp_04/ip_filter.h...
Parsing file /home/travis/build/evgenykol/otus_cpp_04/ip_filter.h...
Preprocessing /home/travis/build/evgenykol/otus_cpp_04/ip_filter_tests.cpp...
Parsing file /home/travis/build/evgenykol/otus_cpp_04/ip_filter_tests.cpp...
Preprocessing /home/travis/build/evgenykol/otus_cpp_04/main.cpp...
Parsing file /home/travis/build/evgenykol/otus_cpp_04/main.cpp...
Preprocessing /home/travis/build/evgenykol/otus_cpp_04/version.h...
Parsing file /home/travis/build/evgenykol/otus_cpp_04/version.h...
Building group list...
Building directory list...
Building namespace list...
Building file list...
Building class list...
Associating documentation with classes...
Computing nesting relations for classes...
Building example list...
Searching for enumerations...
Searching for documented typedefs...
Searching for members imported via using declarations...
Searching for included using directives...
Searching for documented variables...
Building interface member list...
Building member list...
Searching for friends...
Searching for documented defines...
Computing class inheritance relations...
Computing class usage relations...
Flushing cached template relations that have become invalid...
Creating members for template instances...
Computing class relations...
Add enum values to enums...
Searching for member function documentation...
Building page list...
Search for main page...
Computing page relations...
Determining the scope of groups...
Sorting lists...
Freeing entry tree
Determining which enums are documented
Computing member relations...
Building full member lists recursively...
Adding members to member groups.
Computing member references...
Inheriting documentation...
Generating disk names...
Adding source references...
Adding xrefitems...
Sorting member lists...
Computing dependencies between directories...
Generating citations page...
Counting data structures...
Resolving user defined references...
Finding anchors and sections in the documentation...
Transferring function references...
Combining using relations...
Adding members to index pages...
Generating style sheet...
Generating search indices...
Generating example documentation...
Generating file sources...
Generating code for file /home/travis/build/evgenykol/otus_cpp_04/ip_filter.cpp...
Generating code for file /home/travis/build/evgenykol/otus_cpp_04/ip_filter.h...
Generating code for file /home/travis/build/evgenykol/otus_cpp_04/ip_filter_tests.cpp...
Generating code for file /home/travis/build/evgenykol/otus_cpp_04/main.cpp...
Generating code for file /home/travis/build/evgenykol/otus_cpp_04/version.h...
Generating file documentation...
Generating docs for file /home/travis/build/evgenykol/otus_cpp_04/ip_filter.cpp...
Generating docs for file /home/travis/build/evgenykol/otus_cpp_04/ip_filter.h...
Generating docs for file /home/travis/build/evgenykol/otus_cpp_04/ip_filter_tests.cpp...
Generating docs for file /home/travis/build/evgenykol/otus_cpp_04/main.cpp...
Generating docs for file /home/travis/build/evgenykol/otus_cpp_04/version.h...
Generating page documentation...
Generating group documentation...
Generating class documentation...
Generating docs for compound cout_redirect...
Generating docs for compound TuplePrinter...
Generating docs for compound TuplePrinter< Tuple, 1 >...
Generating namespace index...
Generating graph info page...
Generating directory documentation...
Generating index page...
Generating page index...
Generating module index...
Generating namespace index...
Generating namespace member index...
Generating annotated compound index...
Generating alphabetical compound index...
Generating hierarchical class index...
Generating graphical class hierarchy...
Generating member index...
Generating file index...
Generating file member index...
Generating example index...
finalizing index lists...
Running dot...
Generating dot graphs using 3 parallel threads...
Running dot for graph 1/7
Running dot for graph 2/7
Running dot for graph 3/7
Running dot for graph 4/7
Running dot for graph 5/7
Running dot for graph 6/7
Running dot for graph 7/7
Patching output file 1/5
Patching output file 2/5
Patching output file 3/5
Patching output file 4/5
Patching output file 5/5
lookup cache used 18/65536 hits=45 misses=18
finished...
